e:\vs\ftp_server\f_server\f_server\f_server\x64\debug\f_server.pch
e:\vs\ftp_server\f_server\f_server\f_server\x64\debug\vc142.pdb
e:\vs\ftp_server\f_server\f_server\f_server\x64\debug\vc142.idb
e:\vs\ftp_server\f_server\f_server\f_server\x64\debug\pch.obj
e:\vs\ftp_server\f_server\f_server\f_server\x64\debug\ser.obj
e:\vs\ftp_server\f_server\f_server\f_server\x64\debug\f_serverdlg.obj
e:\vs\ftp_server\f_server\f_server\f_server\x64\debug\f_server.obj
e:\vs\ftp_server\f_server\f_server\x64\debug\f_server.ilk
e:\vs\ftp_server\f_server\f_server\x64\debug\f_server.exe
e:\vs\ftp_server\f_server\f_server\x64\debug\f_server.pdb
e:\vs\ftp_server\f_server\f_server\f_server\x64\debug\fserver.res
e:\vs\ftp_server\f_server\f_server\f_server\x64\debug\f_server.tlog\cl.command.1.tlog
e:\vs\ftp_server\f_server\f_server\f_server\x64\debug\f_server.tlog\cl.read.1.tlog
e:\vs\ftp_server\f_server\f_server\f_server\x64\debug\f_server.tlog\cl.write.1.tlog
e:\vs\ftp_server\f_server\f_server\f_server\x64\debug\f_server.tlog\link.command.1.tlog
e:\vs\ftp_server\f_server\f_server\f_server\x64\debug\f_server.tlog\link.read.1.tlog
e:\vs\ftp_server\f_server\f_server\f_server\x64\debug\f_server.tlog\link.write.1.tlog
e:\vs\ftp_server\f_server\f_server\f_server\x64\debug\f_server.tlog\rc.command.1.tlog
e:\vs\ftp_server\f_server\f_server\f_server\x64\debug\f_server.tlog\rc.read.1.tlog
e:\vs\ftp_server\f_server\f_server\f_server\x64\debug\f_server.tlog\rc.write.1.tlog
