  Ser.cpp
E:\VS\FTP_Server\F_server\F_Server\F_Server\Ser.cpp(98,14): warning C4101: “addr_client_file”: 未引用的局部变量
E:\VS\FTP_Server\F_server\F_Server\F_Server\Ser.cpp(284,5): warning C4267: “参数”: 从“size_t”转换到“int”，可能丢失数据
E:\VS\FTP_Server\F_server\F_Server\F_Server\Ser.cpp(304,3): warning C4996: 'sprintf': This function or variable may be unsafe. Consider using sprintf_s instead. To disable deprecation, use _CRT_SECURE_NO_WARNINGS. See online help for details.
E:\VS\FTP_Server\F_server\F_Server\F_Server\Ser.cpp(305,3): warning C4996: 'strtok': This function or variable may be unsafe. Consider using strtok_s instead. To disable deprecation, use _CRT_SECURE_NO_WARNINGS. See online help for details.
E:\VS\FTP_Server\F_server\F_Server\F_Server\Ser.cpp(306,3): warning C4996: 'sprintf': This function or variable may be unsafe. Consider using sprintf_s instead. To disable deprecation, use _CRT_SECURE_NO_WARNINGS. See online help for details.
E:\VS\FTP_Server\F_server\F_Server\F_Server\Ser.cpp(313,3): warning C4996: 'sprintf': This function or variable may be unsafe. Consider using sprintf_s instead. To disable deprecation, use _CRT_SECURE_NO_WARNINGS. See online help for details.
E:\VS\FTP_Server\F_server\F_Server\F_Server\Ser.cpp(314,3): warning C4996: 'strtok': This function or variable may be unsafe. Consider using strtok_s instead. To disable deprecation, use _CRT_SECURE_NO_WARNINGS. See online help for details.
E:\VS\FTP_Server\F_server\F_Server\F_Server\Ser.cpp(316,7): warning C4996: 'stricmp': The POSIX name for this item is deprecated. Instead, use the ISO C and C++ conformant name: _stricmp. See online help for details.
E:\VS\FTP_Server\F_server\F_Server\F_Server\Ser.cpp(318,4): warning C4996: 'sprintf': This function or variable may be unsafe. Consider using sprintf_s instead. To disable deprecation, use _CRT_SECURE_NO_WARNINGS. See online help for details.
E:\VS\FTP_Server\F_server\F_Server\F_Server\Ser.cpp(327,4): warning C4996: 'sprintf': This function or variable may be unsafe. Consider using sprintf_s instead. To disable deprecation, use _CRT_SECURE_NO_WARNINGS. See online help for details.
E:\VS\FTP_Server\F_server\F_Server\F_Server\Ser.cpp(351,58): warning C4267: “=”: 从“size_t”转换到“ULONG”，可能丢失数据
E:\VS\FTP_Server\F_server\F_Server\F_Server\Ser.cpp(415,17): warning C4996: 'strtok': This function or variable may be unsafe. Consider using strtok_s instead. To disable deprecation, use _CRT_SECURE_NO_WARNINGS. See online help for details.
E:\VS\FTP_Server\F_server\F_Server\F_Server\Ser.cpp(418,11): warning C4996: 'strtok': This function or variable may be unsafe. Consider using strtok_s instead. To disable deprecation, use _CRT_SECURE_NO_WARNINGS. See online help for details.
E:\VS\FTP_Server\F_server\F_Server\F_Server\Ser.cpp(448,36): warning C4267: “=”: 从“size_t”转换到“int”，可能丢失数据
E:\VS\FTP_Server\F_server\F_Server\F_Server\Ser.cpp(571,17): warning C4244: “初始化”: 从“ULONGLONG”转换到“int”，可能丢失数据
E:\VS\FTP_Server\F_server\F_Server\F_Server\Ser.cpp(711,23): warning C4477: “sprintf”: 格式字符串“%s”需要类型“char *”的参数，但可变参数 1 拥有了类型“CString”
E:\VS\FTP_Server\F_server\F_Server\F_Server\Ser.cpp(712,27): warning C4477: “sprintf”: 格式字符串“%s”需要类型“char *”的参数，但可变参数 1 拥有了类型“CString”
E:\VS\FTP_Server\F_server\F_Server\F_Server\Ser.cpp(717,27): warning C4477: “sprintf”: 格式字符串“%s”需要类型“char *”的参数，但可变参数 1 拥有了类型“CString”
E:\VS\FTP_Server\F_server\F_Server\F_Server\Ser.cpp(742,27): warning C4477: “sprintf”: 格式字符串“%s”需要类型“char *”的参数，但可变参数 1 拥有了类型“CString”
E:\VS\FTP_Server\F_server\F_Server\F_Server\Ser.cpp(468,2): warning C4996: 'strcpy': This function or variable may be unsafe. Consider using strcpy_s instead. To disable deprecation, use _CRT_SECURE_NO_WARNINGS. See online help for details.
E:\VS\FTP_Server\F_server\F_Server\F_Server\Ser.cpp(469,6): warning C4996: 'strtok': This function or variable may be unsafe. Consider using strtok_s instead. To disable deprecation, use _CRT_SECURE_NO_WARNINGS. See online help for details.
E:\VS\FTP_Server\F_server\F_Server\F_Server\Ser.cpp(470,2): warning C4996: 'strupr': The POSIX name for this item is deprecated. Instead, use the ISO C and C++ conformant name: _strupr. See online help for details.
E:\VS\FTP_Server\F_server\F_Server\F_Server\Ser.cpp(484,3): warning C4996: 'sprintf': This function or variable may be unsafe. Consider using sprintf_s instead. To disable deprecation, use _CRT_SECURE_NO_WARNINGS. See online help for details.
E:\VS\FTP_Server\F_server\F_Server\F_Server\Ser.cpp(502,4): warning C4996: 'sprintf': This function or variable may be unsafe. Consider using sprintf_s instead. To disable deprecation, use _CRT_SECURE_NO_WARNINGS. See online help for details.
E:\VS\FTP_Server\F_server\F_Server\F_Server\Ser.cpp(550,3): warning C4996: 'sprintf': This function or variable may be unsafe. Consider using sprintf_s instead. To disable deprecation, use _CRT_SECURE_NO_WARNINGS. See online help for details.
E:\VS\FTP_Server\F_server\F_Server\F_Server\Ser.cpp(563,18): warning C4996: 'strtok': This function or variable may be unsafe. Consider using strtok_s instead. To disable deprecation, use _CRT_SECURE_NO_WARNINGS. See online help for details.
E:\VS\FTP_Server\F_server\F_Server\F_Server\Ser.cpp(583,4): warning C4996: 'sprintf': This function or variable may be unsafe. Consider using sprintf_s instead. To disable deprecation, use _CRT_SECURE_NO_WARNINGS. See online help for details.
E:\VS\FTP_Server\F_server\F_Server\F_Server\Ser.cpp(592,4): warning C4996: 'sprintf': This function or variable may be unsafe. Consider using sprintf_s instead. To disable deprecation, use _CRT_SECURE_NO_WARNINGS. See online help for details.
E:\VS\FTP_Server\F_server\F_Server\F_Server\Ser.cpp(633,3): warning C4996: 'sprintf': This function or variable may be unsafe. Consider using sprintf_s instead. To disable deprecation, use _CRT_SECURE_NO_WARNINGS. See online help for details.
E:\VS\FTP_Server\F_server\F_Server\F_Server\Ser.cpp(645,18): warning C4996: 'strtok': This function or variable may be unsafe. Consider using strtok_s instead. To disable deprecation, use _CRT_SECURE_NO_WARNINGS. See online help for details.
E:\VS\FTP_Server\F_server\F_Server\F_Server\Ser.cpp(647,3): warning C4996: 'sprintf': This function or variable may be unsafe. Consider using sprintf_s instead. To disable deprecation, use _CRT_SECURE_NO_WARNINGS. See online help for details.
E:\VS\FTP_Server\F_server\F_Server\F_Server\Ser.cpp(663,3): warning C4996: 'sprintf': This function or variable may be unsafe. Consider using sprintf_s instead. To disable deprecation, use _CRT_SECURE_NO_WARNINGS. See online help for details.
E:\VS\FTP_Server\F_server\F_Server\F_Server\Ser.cpp(673,3): warning C4996: 'sprintf': This function or variable may be unsafe. Consider using sprintf_s instead. To disable deprecation, use _CRT_SECURE_NO_WARNINGS. See online help for details.
E:\VS\FTP_Server\F_server\F_Server\F_Server\Ser.cpp(683,3): warning C4996: 'sprintf': This function or variable may be unsafe. Consider using sprintf_s instead. To disable deprecation, use _CRT_SECURE_NO_WARNINGS. See online help for details.
E:\VS\FTP_Server\F_server\F_Server\F_Server\Ser.cpp(693,17): warning C4996: 'strtok': This function or variable may be unsafe. Consider using strtok_s instead. To disable deprecation, use _CRT_SECURE_NO_WARNINGS. See online help for details.
E:\VS\FTP_Server\F_server\F_Server\F_Server\Ser.cpp(696,3): warning C4996: 'strcpy': This function or variable may be unsafe. Consider using strcpy_s instead. To disable deprecation, use _CRT_SECURE_NO_WARNINGS. See online help for details.
E:\VS\FTP_Server\F_server\F_Server\F_Server\Ser.cpp(711,4): warning C4996: 'sprintf': This function or variable may be unsafe. Consider using sprintf_s instead. To disable deprecation, use _CRT_SECURE_NO_WARNINGS. See online help for details.
E:\VS\FTP_Server\F_server\F_Server\F_Server\Ser.cpp(712,4): warning C4996: 'sprintf': This function or variable may be unsafe. Consider using sprintf_s instead. To disable deprecation, use _CRT_SECURE_NO_WARNINGS. See online help for details.
E:\VS\FTP_Server\F_server\F_Server\F_Server\Ser.cpp(717,4): warning C4996: 'sprintf': This function or variable may be unsafe. Consider using sprintf_s instead. To disable deprecation, use _CRT_SECURE_NO_WARNINGS. See online help for details.
E:\VS\FTP_Server\F_server\F_Server\F_Server\Ser.cpp(727,17): warning C4996: 'strtok': This function or variable may be unsafe. Consider using strtok_s instead. To disable deprecation, use _CRT_SECURE_NO_WARNINGS. See online help for details.
E:\VS\FTP_Server\F_server\F_Server\F_Server\Ser.cpp(736,4): warning C4996: 'sprintf': This function or variable may be unsafe. Consider using sprintf_s instead. To disable deprecation, use _CRT_SECURE_NO_WARNINGS. See online help for details.
E:\VS\FTP_Server\F_server\F_Server\F_Server\Ser.cpp(737,4): warning C4996: 'sprintf': This function or variable may be unsafe. Consider using sprintf_s instead. To disable deprecation, use _CRT_SECURE_NO_WARNINGS. See online help for details.
E:\VS\FTP_Server\F_server\F_Server\F_Server\Ser.cpp(742,4): warning C4996: 'sprintf': This function or variable may be unsafe. Consider using sprintf_s instead. To disable deprecation, use _CRT_SECURE_NO_WARNINGS. See online help for details.
E:\VS\FTP_Server\F_server\F_Server\F_Server\Ser.cpp(753,18): warning C4996: 'strtok': This function or variable may be unsafe. Consider using strtok_s instead. To disable deprecation, use _CRT_SECURE_NO_WARNINGS. See online help for details.
E:\VS\FTP_Server\F_server\F_Server\F_Server\Ser.cpp(755,3): warning C4996: 'sprintf': This function or variable may be unsafe. Consider using sprintf_s instead. To disable deprecation, use _CRT_SECURE_NO_WARNINGS. See online help for details.
E:\VS\FTP_Server\F_server\F_Server\F_Server\Ser.cpp(764,17): warning C4996: 'strtok': This function or variable may be unsafe. Consider using strtok_s instead. To disable deprecation, use _CRT_SECURE_NO_WARNINGS. See online help for details.
E:\VS\FTP_Server\F_server\F_Server\F_Server\Ser.cpp(768,4): warning C4996: 'sprintf': This function or variable may be unsafe. Consider using sprintf_s instead. To disable deprecation, use _CRT_SECURE_NO_WARNINGS. See online help for details.
E:\VS\FTP_Server\F_server\F_Server\F_Server\Ser.cpp(777,3): warning C4996: 'sprintf': This function or variable may be unsafe. Consider using sprintf_s instead. To disable deprecation, use _CRT_SECURE_NO_WARNINGS. See online help for details.
E:\VS\FTP_Server\F_server\F_Server\F_Server\Ser.cpp(976,26): warning C4244: “=”: 从“ULONGLONG”转换到“int”，可能丢失数据
E:\VS\FTP_Server\F_server\F_Server\F_Server\Ser.cpp(952,3): warning C4996: 'strcpy': This function or variable may be unsafe. Consider using strcpy_s instead. To disable deprecation, use _CRT_SECURE_NO_WARNINGS. See online help for details.
E:\VS\FTP_Server\F_server\F_Server\F_Server\Ser.cpp(965,3): warning C4996: 'strcpy': This function or variable may be unsafe. Consider using strcpy_s instead. To disable deprecation, use _CRT_SECURE_NO_WARNINGS. See online help for details.
E:\VS\FTP_Server\F_server\F_Server\F_Server\Ser.cpp(1004,4): warning C4996: 'strcpy': This function or variable may be unsafe. Consider using strcpy_s instead. To disable deprecation, use _CRT_SECURE_NO_WARNINGS. See online help for details.
E:\VS\FTP_Server\F_server\F_Server\F_Server\Ser.cpp(1006,4): warning C4996: 'strcpy': This function or variable may be unsafe. Consider using strcpy_s instead. To disable deprecation, use _CRT_SECURE_NO_WARNINGS. See online help for details.
E:\VS\FTP_Server\F_server\F_Server\F_Server\Ser.cpp(1041,21): warning C4267: “return”: 从“size_t”转换到“UINT”，可能丢失数据
E:\VS\FTP_Server\F_server\F_Server\F_Server\Ser.cpp(1022,2): warning C4996: 'sprintf': This function or variable may be unsafe. Consider using sprintf_s instead. To disable deprecation, use _CRT_SECURE_NO_WARNINGS. See online help for details.
E:\VS\FTP_Server\F_server\F_Server\F_Server\Ser.cpp(1030,4): warning C4996: 'strcat': This function or variable may be unsafe. Consider using strcat_s instead. To disable deprecation, use _CRT_SECURE_NO_WARNINGS. See online help for details.
E:\VS\FTP_Server\F_server\F_Server\F_Server\Ser.cpp(1031,4): warning C4996: 'strcat': This function or variable may be unsafe. Consider using strcat_s instead. To disable deprecation, use _CRT_SECURE_NO_WARNINGS. See online help for details.
E:\VS\FTP_Server\F_server\F_Server\F_Server\Ser.cpp(1033,4): warning C4996: 'strcat': This function or variable may be unsafe. Consider using strcat_s instead. To disable deprecation, use _CRT_SECURE_NO_WARNINGS. See online help for details.
E:\VS\FTP_Server\F_server\F_Server\F_Server\Ser.cpp(1034,4): warning C4996: 'strcat': This function or variable may be unsafe. Consider using strcat_s instead. To disable deprecation, use _CRT_SECURE_NO_WARNINGS. See online help for details.
E:\VS\FTP_Server\F_server\F_Server\F_Server\Ser.cpp(1035,4): warning C4996: 'strcat': This function or variable may be unsafe. Consider using strcat_s instead. To disable deprecation, use _CRT_SECURE_NO_WARNINGS. See online help for details.
E:\VS\FTP_Server\F_server\F_Server\F_Server\Ser.cpp(1036,4): warning C4996: 'strcat': This function or variable may be unsafe. Consider using strcat_s instead. To disable deprecation, use _CRT_SECURE_NO_WARNINGS. See online help for details.
E:\VS\FTP_Server\F_server\F_Server\F_Server\Ser.cpp(1037,4): warning C4996: 'strcat': This function or variable may be unsafe. Consider using strcat_s instead. To disable deprecation, use _CRT_SECURE_NO_WARNINGS. See online help for details.
E:\VS\FTP_Server\F_server\F_Server\F_Server\Ser.cpp(1038,4): warning C4996: 'strcat': This function or variable may be unsafe. Consider using strcat_s instead. To disable deprecation, use _CRT_SECURE_NO_WARNINGS. See online help for details.
E:\VS\FTP_Server\F_server\F_Server\F_Server\Ser.cpp(1021,7): warning C4101: “szTemp”: 未引用的局部变量
E:\VS\FTP_Server\F_server\F_Server\F_Server\Ser.cpp(1086,21): warning C4267: “return”: 从“size_t”转换到“UINT”，可能丢失数据
E:\VS\FTP_Server\F_server\F_Server\F_Server\Ser.cpp(1056,2): warning C4996: 'strcpy': This function or variable may be unsafe. Consider using strcpy_s instead. To disable deprecation, use _CRT_SECURE_NO_WARNINGS. See online help for details.
E:\VS\FTP_Server\F_server\F_Server\F_Server\Ser.cpp(1057,2): warning C4996: 'strcat': This function or variable may be unsafe. Consider using strcat_s instead. To disable deprecation, use _CRT_SECURE_NO_WARNINGS. See online help for details.
E:\VS\FTP_Server\F_server\F_Server\F_Server\Ser.cpp(1072,5): warning C4996: 'strcat': This function or variable may be unsafe. Consider using strcat_s instead. To disable deprecation, use _CRT_SECURE_NO_WARNINGS. See online help for details.
E:\VS\FTP_Server\F_server\F_Server\F_Server\Ser.cpp(1073,5): warning C4996: 'strcat': This function or variable may be unsafe. Consider using strcat_s instead. To disable deprecation, use _CRT_SECURE_NO_WARNINGS. See online help for details.
E:\VS\FTP_Server\F_server\F_Server\F_Server\Ser.cpp(1083,2): warning C4996: 'strcat': This function or variable may be unsafe. Consider using strcat_s instead. To disable deprecation, use _CRT_SECURE_NO_WARNINGS. See online help for details.
E:\VS\FTP_Server\F_server\F_Server\F_Server\Ser.cpp(1084,2): warning C4996: 'strcat': This function or variable may be unsafe. Consider using strcat_s instead. To disable deprecation, use _CRT_SECURE_NO_WARNINGS. See online help for details.
E:\VS\FTP_Server\F_server\F_Server\F_Server\Ser.cpp(1105,21): warning C4267: “return”: 从“size_t”转换到“DWORD”，可能丢失数据
E:\VS\FTP_Server\F_server\F_Server\F_Server\Ser.cpp(1095,2): warning C4996: 'strcpy': This function or variable may be unsafe. Consider using strcpy_s instead. To disable deprecation, use _CRT_SECURE_NO_WARNINGS. See online help for details.
E:\VS\FTP_Server\F_server\F_Server\F_Server\Ser.cpp(781): warning C4715: “DealCommand”: 不是所有的控件路径都返回值
  F_Server.vcxproj -> E:\VS\FTP_Server\F_server\F_Server\x64\Debug\F_Server.exe
