e:\vs\ftp_server\f_client\f_client\x64\debug\f_client.pch
e:\vs\ftp_server\f_client\f_client\x64\debug\vc142.pdb
e:\vs\ftp_server\f_client\f_client\x64\debug\vc142.idb
e:\vs\ftp_server\f_client\f_client\x64\debug\pch.obj
e:\vs\ftp_server\f_client\f_client\x64\debug\f_clientdlg.obj
e:\vs\ftp_server\f_client\f_client\x64\debug\f_client.obj
e:\vs\ftp_server\f_client\f_client\x64\debug\client.obj
e:\vs\ftp_server\f_client\x64\debug\f_client.exe
e:\vs\ftp_server\f_client\x64\debug\f_client.ilk
e:\vs\ftp_server\f_client\x64\debug\f_client.pdb
e:\vs\ftp_server\f_client\f_client\x64\debug\fclient.res
e:\vs\ftp_server\f_client\f_client\x64\debug\f_client.tlog\cl.command.1.tlog
e:\vs\ftp_server\f_client\f_client\x64\debug\f_client.tlog\cl.read.1.tlog
e:\vs\ftp_server\f_client\f_client\x64\debug\f_client.tlog\cl.write.1.tlog
e:\vs\ftp_server\f_client\f_client\x64\debug\f_client.tlog\link.command.1.tlog
e:\vs\ftp_server\f_client\f_client\x64\debug\f_client.tlog\link.read.1.tlog
e:\vs\ftp_server\f_client\f_client\x64\debug\f_client.tlog\link.write.1.tlog
e:\vs\ftp_server\f_client\f_client\x64\debug\f_client.tlog\rc.command.1.tlog
e:\vs\ftp_server\f_client\f_client\x64\debug\f_client.tlog\rc.read.1.tlog
e:\vs\ftp_server\f_client\f_client\x64\debug\f_client.tlog\rc.write.1.tlog
